[05:14:30] [ServerMain/INFO]: [bootstrap] Running Java 21 (Java HotSpot(TM) 64-Bit Server VM 21.0.6+8-LTS-188; Oracle Corporation null) on Windows 10 10.0 (amd64)
[05:14:30] [ServerMain/INFO]: [bootstrap] Loading Paper 1.21.4-231-ver/1.21.4@09e9afd (2025-05-19T17:59:36Z) for Minecraft 1.21.4
[05:14:30] [ServerMain/INFO]: [PluginInitializerManager] Initializing plugins...
[05:14:31] [Paper Plugin Remapper Thread - 2/INFO]: [PluginRemapper] Remapping plugin 'plugins\Floodgate-Spigot.jar'...
[05:14:33] [Paper Plugin Remapper Thread - 2/INFO]: [PluginRemapper] Done remapping plugin 'plugins\Floodgate-Spigot.jar' in 2183ms.
[05:14:33] [ServerMain/ERROR]: [DirectoryProviderSource] Error loading plugin: java.lang.IllegalArgumentException: Directory 'plugins\.paper-remapped\Geyser-BungeeCord.jar' does not contain a paper-plugin.yml or plugin.yml! Could not determine plugin type, cannot load a plugin from it!
java.lang.RuntimeException: java.lang.IllegalArgumentException: Directory 'plugins\.paper-remapped\Geyser-BungeeCord.jar' does not contain a paper-plugin.yml or plugin.yml! Could not determine plugin type, cannot load a plugin from it!
	at io.papermc.paper.plugin.provider.source.FileProviderSource.registerProviders(FileProviderSource.java:85) ~[paper-1.21.4.jar:1.21.4-231-09e9afd]
	at io.papermc.paper.plugin.provider.source.DirectoryProviderSource.registerProviders(DirectoryProviderSource.java:52) ~[paper-1.21.4.jar:1.21.4-231-09e9afd]
	at io.papermc.paper.plugin.provider.source.DirectoryProviderSource.registerProviders(DirectoryProviderSource.java:17) ~[paper-1.21.4.jar:1.21.4-231-09e9afd]
	at io.papermc.paper.plugin.util.EntrypointUtil.registerProvidersFromSource(EntrypointUtil.java:15) ~[paper-1.21.4.jar:1.21.4-231-09e9afd]
	at io.papermc.paper.plugin.PluginInitializerManager.load(PluginInitializerManager.java:113) ~[paper-1.21.4.jar:1.21.4-231-09e9afd]
	at net.minecraft.server.Main.main(Main.java:111) ~[paper-1.21.4.jar:1.21.4-231-09e9afd]
	at io.papermc.paper.PaperBootstrap.boot(PaperBootstrap.java:21) ~[paper-1.21.4.jar:1.21.4-231-09e9afd]
	at org.bukkit.craftbukkit.Main.main(Main.java:281) ~[paper-1.21.4.jar:1.21.4-231-09e9afd]
	at io.papermc.paperclip.Paperclip.lambda$main$0(Paperclip.java:42) ~[app:?]
	at java.base/java.lang.Thread.run(Thread.java:1583) ~[?:?]
Caused by: java.lang.IllegalArgumentException: Directory 'plugins\.paper-remapped\Geyser-BungeeCord.jar' does not contain a paper-plugin.yml or plugin.yml! Could not determine plugin type, cannot load a plugin from it!
	... 10 more
[05:14:33] [ServerMain/INFO]: [PluginInitializerManager] Initialized 2 plugins
[05:14:33] [ServerMain/INFO]: [PluginInitializerManager] Bukkit plugins (2):
 - Geyser-Spigot (2.7.1-SNAPSHOT), floodgate (2.2.4-SNAPSHOT (b116-0e3163c))
[05:14:36] [ServerMain/INFO]: Environment: Environment[sessionHost=https://sessionserver.mojang.com, servicesHost=https://api.minecraftservices.com, name=PROD]
[05:14:37] [ServerMain/INFO]: Found new data pack file/bukkit, loading it automatically
[05:14:37] [ServerMain/INFO]: Found new data pack paper, loading it automatically
[05:14:37] [ServerMain/INFO]: No existing world data, creating new world
[05:14:38] [ServerMain/INFO]: Loaded 1370 recipes
[05:14:38] [ServerMain/INFO]: Loaded 1481 advancements
[05:14:38] [ServerMain/INFO]: [MCTypeRegistry] Initialising converters for DataConverter...
[05:14:38] [ServerMain/INFO]: [MCTypeRegistry] Finished initialising converters for DataConverter in 173.6ms
[05:14:38] [Server thread/INFO]: Starting minecraft server version 1.21.4
[05:14:38] [Server thread/INFO]: Loading properties
[05:14:38] [Server thread/INFO]: This server is running Paper version 1.21.4-231-ver/1.21.4@09e9afd (2025-05-19T17:59:36Z) (Implementing API version 1.21.4-R0.1-SNAPSHOT)
[05:14:38] [Server thread/INFO]: [spark] This server bundles the spark profiler. For more information please visit https://docs.papermc.io/paper/profiling
[05:14:38] [Server thread/INFO]: Using 4 threads for Netty based IO
[05:14:38] [Server thread/INFO]: Server Ping Player Sample Count: 12
[05:14:38] [Server thread/INFO]: [MoonriseCommon] Paper is using 4 worker threads, 1 I/O threads
[05:14:38] [Server thread/INFO]: [ChunkTaskScheduler] Chunk system is using population gen parallelism: true
[05:14:39] [Server thread/INFO]: Default game type: SURVIVAL
[05:14:39] [Server thread/INFO]: Generating keypair
[05:14:39] [Server thread/INFO]: Starting Minecraft server on *:25565
[05:14:39] [Server thread/INFO]: Using default channel type
[05:14:39] [Server thread/INFO]: Paper: Using Java compression from Velocity.
[05:14:39] [Server thread/INFO]: Paper: Using Java cipher from Velocity.
[05:14:39] [Server thread/INFO]: [floodgate] Loading server plugin floodgate v2.2.4-SNAPSHOT (b116-0e3163c)
[05:14:39] [Server thread/INFO]: [floodgate] Took 705ms to boot Floodgate
[05:14:39] [Server thread/INFO]: [Geyser-Spigot] Loading server plugin Geyser-Spigot v2.7.1-SNAPSHOT
[05:14:40] [Server thread/WARN]: [Geyser-Spigot] Your Geyser config is out of date! Please regenerate your config when possible.
[05:14:40] [Server thread/INFO]: [Geyser-Spigot] Loading extensions...
[05:14:40] [Server thread/INFO]: [Geyser-Spigot] Loaded 0 extension(s)
[05:14:40] [Server thread/INFO]: Server permissions file permissions.yml is empty, ignoring it
[05:14:40] [Server thread/INFO]: Preparing level "world"
[05:14:44] [Server thread/INFO]: Preparing start region for dimension minecraft:overworld
[05:14:44] [Server thread/INFO]: Preparing spawn area: 2%
[05:14:44] [Server thread/INFO]: Preparing spawn area: 2%
[05:14:45] [Server thread/INFO]: Preparing spawn area: 2%
[05:14:45] [Server thread/INFO]: Preparing spawn area: 16%
[05:14:46] [Server thread/INFO]: Preparing spawn area: 48%
[05:14:46] [Server thread/INFO]: Preparing spawn area: 69%
[05:14:46] [Server thread/INFO]: Time elapsed: 2721 ms
[05:14:46] [Server thread/INFO]: Preparing start region for dimension minecraft:the_nether
[05:14:46] [Server thread/INFO]: Preparing spawn area: 2%
[05:14:47] [Server thread/INFO]: Time elapsed: 500 ms
[05:14:47] [Server thread/INFO]: Preparing start region for dimension minecraft:the_end
[05:14:47] [Server thread/INFO]: Preparing spawn area: 2%
[05:14:47] [Server thread/INFO]: Time elapsed: 165 ms
[05:14:47] [Server thread/INFO]: [floodgate] Enabling floodgate v2.2.4-SNAPSHOT (b116-0e3163c)
[05:14:47] [Server thread/INFO]: [Geyser-Spigot] Enabling Geyser-Spigot v2.7.1-SNAPSHOT
[05:14:48] [Server thread/INFO]: [spark] Starting background profiler...
[05:14:48] [Server thread/INFO]: [spark] The async-profiler engine is not supported for your os/arch (windows10/amd64), so the built-in Java engine will be used instead.
[05:14:48] [Server thread/INFO]: [Geyser-Spigot] ******************************************
[05:14:48] [Server thread/INFO]: [Geyser-Spigot] 
[05:14:48] [Server thread/INFO]: [Geyser-Spigot] Loading Geyser version 2.7.1-b844 (git-master-0237579)
[05:14:48] [Server thread/INFO]: [Geyser-Spigot] 
[05:14:48] [Server thread/INFO]: [Geyser-Spigot] ******************************************
[05:14:51] [Server thread/INFO]: [Geyser-Spigot] Started Geyser on UDP port 19132
[05:14:51] [Server thread/INFO]: [Geyser-Spigot] Done (3.09s)! Run /geyser help for help!
[05:14:51] [Server thread/WARN]: [Geyser-Spigot] Your server software does not support the Java version that Geyser requires (1.21.5). Please install ViaVersion (https://ci.viaversion.com/job/ViaVersion/) or update your server software!
[05:14:51] [Server thread/INFO]: Done preparing level "world" (10.914s)
[05:14:51] [Server thread/INFO]: Running delayed init tasks
[05:14:51] [Server thread/INFO]: Done (21.530s)! For help, type "help"
[05:14:52] [ForkJoinPool.commonPool-worker-12/INFO]: [Geyser-Spigot] Downloading Minecraft JAR to extract required files, please wait... (this may take some time depending on the speed of your internet connection)
[05:14:53] [ForkJoinPool.commonPool-worker-12/INFO]: [Geyser-Spigot] Minecraft JAR has been successfully downloaded and loaded!
[05:15:15] [Server thread/INFO]: Stopping server
[05:15:15] [Server thread/INFO]: [Geyser-Spigot] Disabling Geyser-Spigot v2.7.1-SNAPSHOT
[05:15:15] [Server thread/INFO]: [Geyser-Spigot] Shutting down Geyser.
[05:15:16] [Server thread/INFO]: [Geyser-Spigot] Geyser shutdown successfully.
[05:15:16] [Server thread/INFO]: [floodgate] Disabling floodgate v2.2.4-SNAPSHOT (b116-0e3163c)
[05:15:16] [Server thread/INFO]: Saving players
